<?xml version="1.0" encoding="UTF-8"?>
<!-- Generated by org.testng.reporters.JUnitReportReporter -->
<testsuite hostname="DESKTOP-AE6JK50" failures="0" tests="3" name="Apollo_Hospital.WebTesting.refrence_Apollo_StandAlone_Testcase2" time="44.107" errors="0" timestamp="2023-03-11T17:28:43 IST" skipped="0">
  <testcase classname="Apollo_Hospital.WebTesting.refrence_Apollo_StandAlone_Testcase2" name="goToPage" time="20.765"/>
  <system-out/>
  <testcase classname="Apollo_Hospital.WebTesting.refrence_Apollo_StandAlone_Testcase2" name="appointment" time="18.619"/>
  <system-out/>
  <testcase classname="Apollo_Hospital.WebTesting.refrence_Apollo_StandAlone_Testcase2" name="Verifications" time="4.723"/>
  <system-out/>
</testsuite> <!-- Apollo_Hospital.WebTesting.refrence_Apollo_StandAlone_Testcase2 -->
